<?xml version="1.0" encoding="UTF-8"?>
<testng-results ignored="0" total="2" passed="2" failed="0" skipped="0">
  <reporter-output>
  </reporter-output>
  <suite started-at="2025-06-15T18:50:32 IST" name="Default suite" finished-at="2025-06-15T18:50:48 IST" duration-ms="15999">
    <groups>
    </groups>
    <test started-at="2025-06-15T18:50:32 IST" name="Default test" finished-at="2025-06-15T18:50:48 IST" duration-ms="15999">
      <class name="transactions.CreditAnnotations">
        <test-method is-config="true" signature="browserOpen()[pri:0, instance:transactions.CreditAnnotations@738dc9b]" started-at="2025-06-15T18:50:32 IST" name="browserOpen" finished-at="2025-06-15T18:50:35 IST" duration-ms="2612" status="PASS">
          <reporter-output>
          </reporter-output>
        </test-method> <!-- browserOpen -->
        <test-method signature="tc002_scroll()[pri:1, instance:transactions.CreditAnnotations@738dc9b]" started-at="2025-06-15T18:50:35 IST" name="tc002_scroll" finished-at="2025-06-15T18:50:41 IST" duration-ms="5660" status="PASS">
          <reporter-output>
          </reporter-output>
        </test-method> <!-- tc002_scroll -->
        <test-method signature="tc001_search()[pri:2, instance:transactions.CreditAnnotations@738dc9b]" started-at="2025-06-15T18:50:41 IST" name="tc001_search" finished-at="2025-06-15T18:50:46 IST" duration-ms="5325" status="PASS">
          <reporter-output>
          </reporter-output>
        </test-method> <!-- tc001_search -->
        <test-method is-config="true" signature="closeBrowser()[pri:0, instance:transactions.CreditAnnotations@738dc9b]" started-at="2025-06-15T18:50:46 IST" name="closeBrowser" finished-at="2025-06-15T18:50:48 IST" duration-ms="2340" status="PASS">
          <reporter-output>
          </reporter-output>
        </test-method> <!-- closeBrowser -->
      </class> <!-- transactions.CreditAnnotations -->
    </test> <!-- Default test -->
  </suite> <!-- Default suite -->
</testng-results>
